<?xml version="1.0" encoding="UTF-8"?>
<testng-results ignored="0" total="2" passed="2" failed="0" skipped="0">
  <reporter-output>
  </reporter-output>
  <suite started-at="2025-09-16T22:01:34 IST" name="Suite" finished-at="2025-09-16T22:01:34 IST" duration-ms="60">
    <groups>
    </groups>
    <test started-at="2025-09-16T22:01:34 IST" name="Test" finished-at="2025-09-16T22:01:34 IST" duration-ms="60">
      <class name="TestNG.ParallelExecution">
        <test-method signature="test1()[pri:0, instance:TestNG.ParallelExecution@4135c3b]" started-at="2025-09-16T22:01:34 IST" name="test1" finished-at="2025-09-16T22:01:34 IST" duration-ms="16" status="PASS">
          <reporter-output>
          </reporter-output>
        </test-method> <!-- test1 -->
        <test-method signature="test2()[pri:0, instance:TestNG.ParallelExecution@4135c3b]" started-at="2025-09-16T22:01:34 IST" name="test2" finished-at="2025-09-16T22:01:34 IST" duration-ms="16" status="PASS">
          <reporter-output>
          </reporter-output>
        </test-method> <!-- test2 -->
      </class> <!-- TestNG.ParallelExecution -->
    </test> <!-- Test -->
  </suite> <!-- Suite -->
</testng-results>
